TN:
SF:src/calc.ts
FN:1,(anonymous_0)
FN:3,(anonymous_1)
FNF:2
FNH:2
FNDA:4,(anonymous_0)
FNDA:2,(anonymous_1)
DA:1,4
DA:3,2
DA:6,1
DA:7,1
LF:4
LH:4
BRF:0
BRH:0
end_of_record
TN:
SF:src/cart/cart.ts
FN:7,(anonymous_0)
FN:11,(anonymous_1)
FN:16,(anonymous_2)
FN:20,(anonymous_3)
FN:23,(anonymous_4)
FN:30,(anonymous_5)
FN:34,(anonymous_6)
FNF:7
FNH:7
FNDA:9,(anonymous_0)
FNDA:3,(anonymous_1)
FNDA:9,(anonymous_2)
FNDA:1,(anonymous_3)
FNDA:2,(anonymous_4)
FNDA:3,(anonymous_5)
FNDA:1,(anonymous_6)
DA:4,1
DA:5,6
DA:8,9
DA:12,3
DA:13,3
DA:17,9
DA:21,1
DA:23,1
DA:24,2
DA:27,1
DA:31,3
DA:35,1
LF:12
LH:12
BRF:0
BRH:0
end_of_record
TN:
SF:src/cart/cart2.ts
FN:12,(anonymous_0)
FN:13,(anonymous_1)
FN:30,(anonymous_2)
FN:31,(anonymous_3)
FN:38,(anonymous_4)
FN:42,(anonymous_5)
FN:44,(anonymous_6)
FN:50,(anonymous_7)
FN:54,(anonymous_8)
FNF:9
FNH:9
FNDA:14,(anonymous_0)
FNDA:9,(anonymous_1)
FNDA:3,(anonymous_2)
FNDA:3,(anonymous_3)
FNDA:8,(anonymous_4)
FNDA:1,(anonymous_5)
FNDA:2,(anonymous_6)
FNDA:3,(anonymous_7)
FNDA:1,(anonymous_8)
DA:9,1
DA:10,6
DA:13,14
DA:14,9
DA:16,14
DA:17,4
DA:18,4
DA:22,4
DA:24,10
DA:31,3
DA:32,3
DA:33,3
DA:39,8
DA:43,1
DA:44,1
DA:45,2
DA:47,1
DA:51,3
DA:55,1
LF:19
LH:19
BRDA:16,0,0,4
BRDA:32,1,0,3
BRF:2
BRH:2
end_of_record
TN:
SF:src/product/product.ts
FN:2,(anonymous_0)
FNF:1
FNH:1
FNDA:19,(anonymous_0)
DA:1,2
DA:3,19
DA:4,19
LF:3
LH:3
BRF:0
BRH:0
end_of_record
