TN:
SF:src/calc.ts
FN:1,(anonymous_0)
FN:3,(anonymous_1)
FNF:2
FNH:2
FNDA:4,(anonymous_0)
FNDA:2,(anonymous_1)
DA:1,4
DA:3,2
DA:6,1
DA:7,1
LF:4
LH:4
BRF:0
BRH:0
end_of_record
TN:
SF:src/cart/cart.ts
FN:6,(anonymous_0)
FN:10,(anonymous_1)
FN:15,(anonymous_2)
FN:19,(anonymous_3)
FN:22,(anonymous_4)
FN:29,(anonymous_5)
FN:33,(anonymous_6)
FNF:7
FNH:7
FNDA:9,(anonymous_0)
FNDA:3,(anonymous_1)
FNDA:9,(anonymous_2)
FNDA:1,(anonymous_3)
FNDA:2,(anonymous_4)
FNDA:3,(anonymous_5)
FNDA:1,(anonymous_6)
DA:3,1
DA:4,6
DA:7,9
DA:11,3
DA:12,3
DA:16,9
DA:20,1
DA:22,1
DA:23,2
DA:26,1
DA:30,3
DA:34,1
LF:12
LH:12
BRF:0
BRH:0
end_of_record
TN:
SF:src/product/product.ts
FN:2,(anonymous_0)
FNF:1
FNH:1
FNDA:9,(anonymous_0)
DA:1,1
DA:3,9
DA:4,9
LF:3
LH:3
BRF:0
BRH:0
end_of_record
